This is pdfTeX, Version 3.14159265-2.6-1.40.18 (MiKTeX 2.9.6350 64-bit) (preloaded format=pdflatex 2017.10.15)  19 MAR 2018 22:23
entering extended mode
**./document.tex
(document.tex
LaTeX2e <2017-04-15>
Babel <3.10> and hyphenation patterns for 75 language(s) loaded.
("C:\Users\renan\AppData\Local\Programs\MiKTeX 2.9\tex\latex\base\article.cls"
Document Class: article 2014/09/29 v1.4h Standard LaTeX document class
("C:\Users\renan\AppData\Local\Programs\MiKTeX 2.9\tex\latex\base\size10.clo"
File: size10.clo 2014/09/29 v1.4h Standard LaTeX file (size option)
)
\c@part=\count79
\c@section=\count80
\c@subsection=\count81
\c@subsubsection=\count82
\c@paragraph=\count83
\c@subparagraph=\count84
\c@figure=\count85
\c@table=\count86
\abovecaptionskip=\skip41
\belowcaptionskip=\skip42
\bibindent=\dimen102
)
No file document.aux.
\openout1 = `document.aux'.

LaTeX Font Info:    Checking defaults for OML/cmm/m/it on input line 5.
LaTeX Font Info:    ... okay on input line 5.
LaTeX Font Info:    Checking defaults for T1/cmr/m/n on input line 5.
LaTeX Font Info:    ... okay on input line 5.
LaTeX Font Info:    Checking defaults for OT1/cmr/m/n on input line 5.
LaTeX Font Info:    ... okay on input line 5.
LaTeX Font Info:    Checking defaults for OMS/cmsy/m/n on input line 5.
LaTeX Font Info:    ... okay on input line 5.
LaTeX Font Info:    Checking defaults for OMX/cmex/m/n on input line 5.
LaTeX Font Info:    ... okay on input line 5.
LaTeX Font Info:    Checking defaults for U/cmr/m/n on input line 5.
LaTeX Font Info:    ... okay on input line 5.
[1

{C:/Users/renan/AppData/Local/MiKTeX/2.9/pdftex/config/pdftex.map}]
(document.aux) ) 
Here is how much of TeX's memory you used:
 206 strings out of 493323
 2237 string characters out of 3130014
 53648 words of memory out of 3000000
 3832 multiletter control sequences out of 15000+200000
 4850 words of font info for 18 fonts, out of 3000000 for 9000
 1141 hyphenation exceptions out of 8191
 23i,4n,18p,121b,109s stack positions out of 5000i,500n,10000p,200000b,50000s
<C:/Users/renan/AppData/Local/Programs/MiKTeX 2.9/fonts/type1/p
ublic/amsfonts/cm/cmbx12.pfb><C:/Users/renan/AppData/Local/Programs/MiKTeX 2.9/
fonts/type1/public/amsfonts/cm/cmr10.pfb>
Output written on document.pdf (1 page, 24107 bytes).
PDF statistics:
 14 PDF objects out of 1000 (max. 8388607)
 0 named destinations out of 1000 (max. 500000)
 1 words of extra memory for PDF output out of 10000 (max. 10000000)

